<?xml version="1.0" encoding="UTF-8"?>
<!-- Generated by org.testng.reporters.JUnitReportReporter -->
<testsuite skipped="0" hostname="HP" name="Practice.ExcelConnect" tests="2" failures="0" timestamp="2023-06-12T11:24:19 IST" time="0.792" errors="0">
  <testcase name="readSingleData" time="0.720" classname="Practice.ExcelConnect"/>
  <system-out/>
  <testcase name="readMultipleData" time="0.072" classname="Practice.ExcelConnect"/>
  <system-out/>
</testsuite> <!-- Practice.ExcelConnect -->
