<?xml version="1.0" encoding="UTF-8"?>
<!-- Generated by org.testng.reporters.JUnitReportReporter -->
<testsuite skipped="0" hostname="HP" name="Practice.Grouping" tests="4" failures="0" timestamp="2023-06-09T13:51:48 IST" time="0.022" errors="0">
  <testcase name="poco128" time="0.002" classname="Practice.Grouping"/>
  <system-out/>
  <testcase name="apple128" time="0.017" classname="Practice.Grouping"/>
  <system-out/>
  <testcase name="samsung128" time="0.002" classname="Practice.Grouping"/>
  <system-out/>
  <testcase name="lenovo128" time="0.001" classname="Practice.Grouping"/>
  <system-out/>
</testsuite> <!-- Practice.Grouping -->
