<?xml version="1.0" encoding="UTF-8"?>
<!-- Generated by org.testng.reporters.JUnitReportReporter -->
<testsuite skipped="0" hostname="HP" name="Practice.DataFromExcel" tests="4" failures="0" timestamp="2023-06-12T10:39:54 IST" time="8.933" errors="0">
  <testcase name="loginCombinations" time="1.894" classname="Practice.DataFromExcel"/>
  <system-out/>
  <testcase name="loginCombinations" time="1.146" classname="Practice.DataFromExcel"/>
  <system-out/>
  <testcase name="loginCombinations" time="4.836" classname="Practice.DataFromExcel"/>
  <system-out/>
  <testcase name="loginCombinations" time="1.057" classname="Practice.DataFromExcel"/>
  <system-out/>
</testsuite> <!-- Practice.DataFromExcel -->
