<?xml version="1.0" encoding="UTF-8"?>
<!-- Generated by org.testng.reporters.JUnitReportReporter -->
<testsuite skipped="0" hostname="HP" name="Practice.Priority" tests="2" failures="0" timestamp="2023-06-09T18:43:29 IST" time="0.026" errors="0">
  <testcase name="primarySchool" time="0.017" classname="Practice.Priority"/>
  <system-out/>
  <testcase name="secondarySchool" time="0.009" classname="Practice.Priority"/>
  <system-out/>
</testsuite> <!-- Practice.Priority -->
