<?xml version="1.0" encoding="UTF-8"?>
<!-- Generated by org.testng.reporters.JUnitReportReporter -->
<testsuite skipped="0" hostname="HP" name="com.Demo.DemoTest" tests="3" failures="0" timestamp="2023-03-21T12:18:39 IST" time="0.017" errors="0">
  <testcase name="primarySchool" time="0.013" classname="com.Demo.DemoTest"/>
  <system-out/>
  <testcase name="secondarySchool" time="0.002" classname="com.Demo.DemoTest"/>
  <system-out/>
  <testcase name="college" time="0.002" classname="com.Demo.DemoTest"/>
  <system-out/>
</testsuite> <!-- com.Demo.DemoTest -->
