<?xml version="1.0" encoding="UTF-8"?>
<!-- Generated by org.testng.reporters.JUnitReportReporter -->
<testsuite skipped="0" hostname="HP" name="com.TestNG.TimeForExecution" tests="3" failures="0" timestamp="2023-06-09T10:29:33 IST" time="17.147" errors="0">
  <testcase name="openBing" time="2.188" classname="com.TestNG.TimeForExecution"/>
  <system-out/>
  <testcase name="openGoogle" time="3.362" classname="com.TestNG.TimeForExecution"/>
  <system-out/>
  <testcase name="openYahoo" time="11.597" classname="com.TestNG.TimeForExecution"/>
  <system-out/>
</testsuite> <!-- com.TestNG.TimeForExecution -->
