<?xml version="1.0" encoding="UTF-8"?>
<!-- Generated by org.testng.reporters.JUnitReportReporter -->
<testsuite skipped="0" hostname="HP" name="Practice.Parameterization" tests="1" failures="0" timestamp="2023-06-11T13:14:03 IST" time="0.011" errors="0">
  <testcase name="confirmation" time="0.011" classname="Practice.Parameterization"/>
  <system-out/>
</testsuite> <!-- Practice.Parameterization -->
