<?xml version="1.0" encoding="UTF-8"?>
<!-- Generated by org.testng.reporters.JUnitReportReporter -->
<testsuite skipped="0" hostname="HP" name="Practice.ParallelTest" tests="2" failures="0" timestamp="2023-06-09T18:15:06 IST" time="16.433" errors="0">
  <testcase name="openFacebook" time="8.588" classname="Practice.ParallelTest"/>
  <system-out/>
  <testcase name="openInstagram" time="7.845" classname="Practice.ParallelTest"/>
  <system-out/>
</testsuite> <!-- Practice.ParallelTest -->
