<?xml version="1.0" encoding="UTF-8"?>
<!-- Generated by org.testng.reporters.JUnitReportReporter -->
<testsuite skipped="0" hostname="HP" name="Practice.BeforeAndAfterSuite" tests="3" failures="0" timestamp="2023-06-09T13:15:26 IST" time="13.181" errors="0">
  <testcase name="openBing" time="1.709" classname="Practice.BeforeAndAfterSuite"/>
  <system-out/>
  <testcase name="openGoogle" time="2.257" classname="Practice.BeforeAndAfterSuite"/>
  <system-out/>
  <testcase name="openYahoo" time="9.215" classname="Practice.BeforeAndAfterSuite"/>
  <system-out/>
</testsuite> <!-- Practice.BeforeAndAfterSuite -->
