<?xml version="1.0" encoding="UTF-8"?>
<!-- Generated by org.testng.reporters.JUnitReportReporter -->
<testsuite skipped="0" hostname="HP" name="Adactin.LoginTestCases" tests="4" failures="0" timestamp="2023-06-11T13:41:06 IST" time="41.105" errors="0">
  <testcase name="correctUsernameWrongPassword" time="8.864" classname="Adactin.LoginTestCases"/>
  <system-out/>
  <testcase name="correctUsernameWrongPassword" time="10.087" classname="Adactin.LoginTestCases"/>
  <system-out/>
  <testcase name="correctUsernameWrongPassword" time="8.330" classname="Adactin.LoginTestCases"/>
  <system-out/>
  <testcase name="correctUsernameWrongPassword" time="13.824" classname="Adactin.LoginTestCases"/>
  <system-out/>
</testsuite> <!-- Adactin.LoginTestCases -->
