<?xml version="1.0" encoding="UTF-8"?>
<!-- Generated by org.testng.reporters.JUnitReportReporter -->
<testsuite skipped="0" hostname="HP" name="com.Demo.ExcelConnect" tests="3" failures="0" timestamp="2023-04-09T19:52:44 IST" time="3.247" errors="0">
  <testcase name="readSingleData" time="0.102" classname="com.Demo.ExcelConnect"/>
  <system-out/>
  <testcase name="writeData" time="1.182" classname="com.Demo.ExcelConnect"/>
  <system-out/>
  <testcase name="readMultipleData" time="1.963" classname="com.Demo.ExcelConnect"/>
  <system-out/>
</testsuite> <!-- com.Demo.ExcelConnect -->
