<?xml version="1.0" encoding="UTF-8"?>
<!-- Generated by org.testng.reporters.JUnitReportReporter -->
<testsuite skipped="0" hostname="HP" name="com.TestNG.DemoTest" tests="7" failures="0" timestamp="2023-06-08T19:06:05 IST" time="0.025" errors="0">
  <testcase name="home" time="0.010" classname="com.TestNG.DemoTest"/>
  <system-out/>
  <testcase name="playSchool" time="0.003" classname="com.TestNG.DemoTest"/>
  <system-out/>
  <testcase name="playGround" time="0.002" classname="com.TestNG.DemoTest"/>
  <system-out/>
  <testcase name="primarySchool" time="0.002" classname="com.TestNG.DemoTest"/>
  <system-out/>
  <testcase name="secondarySchool" time="0.002" classname="com.TestNG.DemoTest"/>
  <system-out/>
  <testcase name="college" time="0.004" classname="com.TestNG.DemoTest"/>
  <system-out/>
  <testcase name="office" time="0.002" classname="com.TestNG.DemoTest"/>
  <system-out/>
</testsuite> <!-- com.TestNG.DemoTest -->
